[debug] [2021-05-19T10:34:26.732Z] ----------------------------------------------------------------------
[debug] [2021-05-19T10:34:26.737Z] Command:       C:\Program Files\nodejs\node.exe C:\Users\Lenovo\AppData\Roaming\npm\node_modules\firebase-tools\lib\bin\firebase.js init
[debug] [2021-05-19T10:34:26.737Z] CLI Version:   9.11.0
[debug] [2021-05-19T10:34:26.737Z] Platform:      win32
[debug] [2021-05-19T10:34:26.738Z] Node Version:  v12.16.2
[debug] [2021-05-19T10:34:26.740Z] Time:          Wed May 19 2021 16:04:26 GMT+0530 (India Standard Time)
[debug] [2021-05-19T10:34:26.740Z] ----------------------------------------------------------------------
[debug] 
[debug] [2021-05-19T10:34:26.745Z] >>> [apiv2][query] GET https://firebase-public.firebaseio.com/cli.json [none]
[debug] [2021-05-19T10:34:26.790Z] > command requires scopes: ["email","openid","https://www.googleapis.com/auth/cloudplatformprojects.readonly","https://www.googleapis.com/auth/firebase","https://www.googleapis.com/auth/cloud-platform"]
[debug] [2021-05-19T10:34:26.791Z] > authorizing via signed-in user (priyangpatel012@gmail.com)
[info] 
     ######## #### ########  ######## ########     ###     ######  ########
     ##        ##  ##     ## ##       ##     ##  ##   ##  ##       ##
     ######    ##  ########  ######   ########  #########  ######  ######
     ##        ##  ##    ##  ##       ##     ## ##     ##       ## ##
     ##       #### ##     ## ######## ########  ##     ##  ######  ########

You're about to initialize a Firebase project in this directory:

  F:\Sem6\My portfolio\My-portfolio

[debug] [2021-05-19T10:34:29.855Z] <<< [apiv2][status] GET https://firebase-public.firebaseio.com/cli.json 200
[debug] [2021-05-19T10:34:29.855Z] <<< [apiv2][body] GET https://firebase-public.firebaseio.com/cli.json {"cloudBuildErrorAfter":1594252800000,"cloudBuildWarnAfter":1590019200000,"defaultNode10After":1594252800000,"minVersion":"3.0.5","node8DeploysDisabledAfter":1613390400000,"node8RuntimeDisabledAfter":1615809600000,"node8WarnAfter":1600128000000}
[info] 
=== Project Setup
[info] 
[info] First, let's associate this project directory with a Firebase project.
[info] You can create multiple project aliases by running firebase use --add, 
[info] but for now we'll just set up a default project.
[info] 
[debug] [2021-05-19T10:34:38.650Z] > refreshing access token with scopes: []
[debug] [2021-05-19T10:34:38.651Z] >>> HTTP REQUEST POST https://www.googleapis.com/oauth2/v3/token  
 <request body omitted>
[debug] [2021-05-19T10:34:39.190Z] <<< HTTP RESPONSE 200 {"date":"Wed, 19 May 2021 10:34:39 GMT","pragma":"no-cache","cache-control":"no-cache, no-store, max-age=0, must-revalidate","expires":"Mon, 01 Jan 1990 00:00:00 GMT","content-type":"application/json; charset=utf-8","vary":"X-Origin, Referer, Origin,Accept-Encoding","server":"scaffolding on HTTPServer2","x-xss-protection":"0","x-frame-options":"SAMEORIGIN","x-content-type-options":"nosniff","alt-svc":"h3-29=\":443\"; ma=2592000,h3-T051=\":443\"; ma=2592000,h3-Q050=\":443\"; ma=2592000,h3-Q046=\":443\"; ma=2592000,h3-Q043=\":443\"; ma=2592000,quic=\":443\"; ma=2592000; v=\"46,43\"","accept-ranges":"none","transfer-encoding":"chunked"}
[debug] [2021-05-19T10:34:39.470Z] >>> [apiv2][query] GET https://firebase.googleapis.com/v1beta1/projects pageSize=100
[debug] [2021-05-19T10:34:40.350Z] <<< [apiv2][status] GET https://firebase.googleapis.com/v1beta1/projects 200
[debug] [2021-05-19T10:34:40.350Z] <<< [apiv2][body] GET https://firebase.googleapis.com/v1beta1/projects [omitted]
[info] i  Using project priyang-patel (Priyang-Patel) 
[info] 
=== Hosting Setup
[info] 
[info] Your public directory is the folder (relative to your project directory) that
[info] will contain Hosting assets to be uploaded with firebase deploy. If you
[info] have a build process for your assets, use your build's output directory.
[info] 
[debug] [2021-05-19T10:35:43.891Z] >>> [apiv2][query] GET https://www.gstatic.com/firebasejs/releases.json [none]
[debug] [2021-05-19T10:35:44.809Z] <<< [apiv2][status] GET https://www.gstatic.com/firebasejs/releases.json 200
[debug] [2021-05-19T10:35:44.810Z] <<< [apiv2][body] GET https://www.gstatic.com/firebasejs/releases.json {"current":{"version":"8.6.1","browserURL":"https://www.gstatic.com/firebasejs/8.6.1/firebase.js","packageURL":"https://www.gstatic.com/firebasejs/8.6.1/firebase.tgz"},"live":{"version":"8.6","browserURL":"https://www.gstatic.com/firebasejs/live/8.6/firebase.js","packageURL":"https://www.gstatic.com/firebasejs/live/8.6/firebase.tgz"},"components":{"analytics":"https://www.gstatic.com/firebasejs/8.6.1/firebase-analytics.js","app":"https://www.gstatic.com/firebasejs/8.6.1/firebase-app.js","app-check":"https://www.gstatic.com/firebasejs/8.6.1/firebase-app-check.js","auth":"https://www.gstatic.com/firebasejs/8.6.1/firebase-auth.js","database":"https://www.gstatic.com/firebasejs/8.6.1/firebase-database.js","firestore":"https://www.gstatic.com/firebasejs/8.6.1/firebase-firestore.js","functions":"https://www.gstatic.com/firebasejs/8.6.1/firebase-functions.js","installations":"https://www.gstatic.com/firebasejs/8.6.1/firebase-installations.js","messaging":"https://www.gstatic.com/firebasejs/8.6.1/firebase-messaging.js","storage":"https://www.gstatic.com/firebasejs/8.6.1/firebase-storage.js","performance":"https://www.gstatic.com/firebasejs/8.6.1/firebase-performance.js","remote-config":"https://www.gstatic.com/firebasejs/8.6.1/firebase-remote-config.js","firestore.memory":"https://www.gstatic.com/firebasejs/8.6.1/firebase-firestore.memory.js"}}
[info] +  Wrote dist/index.html 
[info] 
[info] i  Detected a .git folder at F:\Sem6\My portfolio\My-portfolio 
[info] i  Authorizing with GitHub to upload your service account to a GitHub repository's secrets store. 
[info] 
[info] Visit this URL on this device to log in:
[info] https://github.com/login/oauth/authorize?client_id=89cf50f02ac6aaed3484&state=182353604&redirect_uri=http%3A%2F%2Flocalhost%3A9005&scope=read%3Auser%20repo%20public_repo
[info] 
[info] Waiting for authentication...
[debug] [2021-05-19T10:35:53.826Z] >>> HTTP REQUEST POST https://github.com/login/oauth/access_token  
 {"client_id":"89cf50f02ac6aaed3484","client_secret":"3330d14abc895d9a74d5f17cd7a00711fa2c5bf0","code":"ca74d5f6469736112864","redirect_uri":"http://localhost:9005","state":"182353604"}
[debug] [2021-05-19T10:35:54.556Z] <<< HTTP RESPONSE 200 {"server":"GitHub.com","date":"Wed, 19 May 2021 10:35:54 GMT","content-type":"application/json; charset=utf-8","transfer-encoding":"chunked","vary":"X-PJAX, Accept-Encoding, Accept, X-Requested-With","permissions-policy":"interest-cohort=()","etag":"W/\"074b36bacf16976d5f9b79478de2930e\"","cache-control":"max-age=0, private, must-revalidate","strict-transport-security":"max-age=31536000; includeSubdomains; preload","x-frame-options":"deny","x-content-type-options":"nosniff","x-xss-protection":"0","referrer-policy":"origin-when-cross-origin, strict-origin-when-cross-origin","expect-ct":"max-age=2592000, report-uri=\"https://api.github.com/_private/browser/errors\"","content-security-policy":"default-src 'none'; base-uri 'self'; block-all-mixed-content; connect-src 'self' uploads.github.com www.githubstatus.com collector.githubapp.com api.github.com github-cloud.s3.amazonaws.com github-production-repository-file-5c1aeb.s3.amazonaws.com github-production-upload-manifest-file-7fdce7.s3.amazonaws.com github-production-user-asset-6210df.s3.amazonaws.com cdn.optimizely.com logx.optimizely.com/v1/events wss://alive.github.com; font-src github.githubassets.com; form-action 'self' github.com gist.github.com; frame-ancestors 'none'; frame-src render.githubusercontent.com; img-src 'self' data: github.githubassets.com identicons.github.com collector.githubapp.com github-cloud.s3.amazonaws.com secured-user-images.githubusercontent.com/ *.githubusercontent.com; manifest-src 'self'; media-src 'none'; script-src github.githubassets.com; style-src 'unsafe-inline' github.githubassets.com; worker-src github.com/socket-worker-3f088aa2.js gist.github.com/socket-worker-3f088aa2.js","x-github-request-id":"4EBA:3F36:71DB5E:7A5EA0:60A4EA0A"}
[debug] [2021-05-19T10:35:54.564Z] >>> [apiv2][query] GET https://api.github.com/user [none]
[debug] [2021-05-19T10:35:55.194Z] <<< [apiv2][status] GET https://api.github.com/user 200
[debug] [2021-05-19T10:35:55.195Z] <<< [apiv2][body] GET https://api.github.com/user {"login":"PRIYANG012","id":45707603,"node_id":"MDQ6VXNlcjQ1NzA3NjAz","avatar_url":"https://avatars.githubusercontent.com/u/45707603?v=4","gravatar_id":"","url":"https://api.github.com/users/PRIYANG012","html_url":"https://github.com/PRIYANG012","followers_url":"https://api.github.com/users/PRIYANG012/followers","following_url":"https://api.github.com/users/PRIYANG012/following{/other_user}","gists_url":"https://api.github.com/users/PRIYANG012/gists{/gist_id}","starred_url":"https://api.github.com/users/PRIYANG012/starred{/owner}{/repo}","subscriptions_url":"https://api.github.com/users/PRIYANG012/subscriptions","organizations_url":"https://api.github.com/users/PRIYANG012/orgs","repos_url":"https://api.github.com/users/PRIYANG012/repos","events_url":"https://api.github.com/users/PRIYANG012/events{/privacy}","received_events_url":"https://api.github.com/users/PRIYANG012/received_events","type":"User","site_admin":false,"name":"Priyang S Patel","company":null,"blog":"","location":null,"email":null,"hireable":null,"bio":null,"twitter_username":null,"public_repos":19,"public_gists":0,"followers":8,"following":12,"created_at":"2018-12-08T07:14:20Z","updated_at":"2021-05-19T04:41:14Z","private_gists":0,"total_private_repos":8,"owned_private_repos":8,"disk_usage":333852,"collaborators":1,"two_factor_authentication":false,"plan":{"name":"pro","space":976562499,"collaborators":0,"private_repos":9999}}
[info] 
[info] +  Success! Logged into GitHub as PRIYANG012 
[info] 
